<?xml version="1.0" encoding="UTF-8"?>
<testng-results skipped="0" failed="0" ignored="0" total="1" passed="1">
  <reporter-output>
  </reporter-output>
  <suite name="Default suite" duration-ms="231" started-at="2018-08-30T01:16:59Z" finished-at="2018-08-30T01:16:59Z">
    <groups>
    </groups>
    <test name="Default test" duration-ms="231" started-at="2018-08-30T01:16:59Z" finished-at="2018-08-30T01:16:59Z">
      <class name="restapi.testing.users.CustomSerializeDeserialize">
        <test-method status="PASS" signature="test()[pri:0, instance:restapi.testing.users.CustomSerializeDeserialize@29774679]" name="test" duration-ms="210" started-at="2018-08-30T01:16:59Z" finished-at="2018-08-30T01:16:59Z">
          <reporter-output>
          </reporter-output>
        </test-method> <!-- test -->
      </class> <!-- restapi.testing.users.CustomSerializeDeserialize -->
    </test> <!-- Default test -->
  </suite> <!-- Default suite -->
</testng-results>
